Here's a summary of everything implemented in this session:

### Completed

**Phase 2.5 — Motion & Micro-interaction Layer**
- Transition tokens (`ease-smooth`, `slide-in-right`, `slide-out-right`, `slide-up` keyframes)
- Cart drawer slide-in/slide-out animation with overlay fade

**Phase 2.6 — Fragrance-specific Visual Metaphors**
- **Scent Pyramid**: visual pyramid layout (72%→86%→100% widths), family color tokens per tier, educational annotations, hoverable note tooltips (100+ note descriptions)
- **Accords Display**: swatch-style cards with family color dot indicators, weighted sizing (top 3 larger), clickable links to search
- **Performance Ratings**: SVG circular ring gauges with scroll-triggered animation, verbal labels (Fleeting→Legendary), info tooltips explaining each metric

**Phase 4.3 — Product Detail Enrichment**
- "Perfect For" editorial grid with emoji icons and vibes for seasons/occasions, concentration-based wear tips
- "Scent Journey" timeline narrative (opening→heart→drydown) with auto-generated prose
- `generateStaticParams` + `revalidate=300` ISR
- Selected variant price updates prominently on selection

**Phase 4.4 — Filter UX**
- Search facets: `checkbox`→`radio` with `fieldset`/`legend` to match single-select behavior

**Phase 4.6 — Collection Page Upgrade**
- Enriched collection data model (tagline, editorial, icon, familyColor)
- Editorial hero sections with family-colored backgrounds, narrative intros, product counts

**Phase 5.1 — Mobile Navigation**
- Responsive header with hamburger menu, animated slide-down panel, search in mobile menu

**Phase 5.3 — Mobile-optimized Layouts**
- `FilterLayout` component: desktop sidebar, mobile bottom sheet overlay with slide-up animation
- Sticky add-to-cart bar on mobile product detail pages

### Git Tags
- `phase-2.6-visual-metaphors`
- `phase-4.3-product-enrichment`
- `phase-2.5-motion-layer`
- `phase-5.1-mobile-nav`
- `phase-5.3-mobile-filters`
- `phase-4.6-collections-upgrade`
